<?xml version="1.0" encoding="UTF-8"?>
<!-- Generated by org.testng.reporters.JUnitXMLReporter -->
<testsuite hostname="mohammads-MBP.home" ignored="0" name="Different testing Feature Test" tests="26" failures="2" timestamp="2020-04-16T01:24:58 EDT" time="59.104" errors="0">
  <testcase name="test1" time="0.005" classname="com.Test.ExceptionTImeOutTest"/>
  <testcase name="googleTitleTest" time="0.008" classname="com.Test.GoogleTest"/>
  <testcase name="googleLogoTest" time="30.053" classname="com.Test.GoogleTest">
    <failure type="org.openqa.selenium.NoSuchElementException" message="no such element: Unable to locate element: {&amp;quot;method&amp;quot;:&amp;quot;xpath&amp;quot;,&amp;quot;selector&amp;quot;:&amp;quot;//div[@id=&amp;apos;hplogo&amp;apos;]&amp;quot;}
  (Session info: chrome=80.0.3987.163)
  (Driver info: chromedriver=80.0.3987.106 (f68069574609230cf9b635cd784cfb1bf81bb53a-refs/branch-heads/3987@{#882}),platform=Mac OS X 10.15.2 x86_64) (WARNING: The server did not provide any stacktrace information)
Command duration or timeout: 30.05 seconds
For documentation on this error, please visit: http://seleniumhq.org/exceptions/no_such_element.html
Build info: version: &amp;apos;2.41.0&amp;apos;, revision: &amp;apos;3192d8a6c4449dc285928ba024779344f5423c58&amp;apos;, time: &amp;apos;2014-03-27 11:29:39&amp;apos;
System info: host: &amp;apos;mohammads-MBP.home&amp;apos;, ip: &amp;apos;192.168.1.8&amp;apos;, os.name: &amp;apos;Mac OS X&amp;apos;, os.arch: &amp;apos;x86_64&amp;apos;, os.version: &amp;apos;10.15.2&amp;apos;, java.version: &amp;apos;1.8.0_241&amp;apos;
Driver info: org.openqa.selenium.chrome.ChromeDriver
Capabilities [{mobileEmulationEnabled=false, timeouts={implicit=0, pageLoad=300000, script=30000}, hasTouchScreen=false, platform=MAC, acceptSslCerts=false, goog:chromeOptions={debuggerAddress=localhost:51908}, acceptInsecureCerts=false, webStorageEnabled=true, browserName=chrome, takesScreenshot=true, javascriptEnabled=true, setWindowRect=true, unexpectedAlertBehaviour=ignore, applicationCacheEnabled=false, rotatable=false, networkConnectionEnabled=false, chrome={chromedriverVersion=80.0.3987.106 (f68069574609230cf9b635cd784cfb1bf81bb53a-refs/branch-heads/3987@{#882}), userDataDir=/var/folders/yk/lxkgfq3x1pb1dphy108mbphm0000gn/T/.com.google.Chrome.Qx9X36}, takesHeapSnapshot=true, pageLoadStrategy=normal, strictFileInteractability=false, databaseEnabled=false, handlesAlerts=true, version=80.0.3987.163, browserConnectionEnabled=false, proxy={}, nativeEvents=true, locationContextEnabled=true, cssSelectorsEnabled=true}]
Session ID: aed97bbfe13ea7ff632d092f6400c15a">
      <![CDATA[org.openqa.selenium.NoSuchElementException: no such element: Unable to locate element: {"method":"xpath","selector":"//div[@id='hplogo']"}
  (Session info: chrome=80.0.3987.163)
  (Driver info: chromedriver=80.0.3987.106 (f68069574609230cf9b635cd784cfb1bf81bb53a-refs/branch-heads/3987@{#882}),platform=Mac OS X 10.15.2 x86_64) (WARNING: The server did not provide any stacktrace information)
Command duration or timeout: 30.05 seconds
For documentation on this error, please visit: http://seleniumhq.org/exceptions/no_such_element.html
Build info: version: '2.41.0', revision: '3192d8a6c4449dc285928ba024779344f5423c58', time: '2014-03-27 11:29:39'
System info: host: 'mohammads-MBP.home', ip: '192.168.1.8', os.name: 'Mac OS X', os.arch: 'x86_64', os.version: '10.15.2', java.version: '1.8.0_241'
Driver info: org.openqa.selenium.chrome.ChromeDriver
Capabilities [{mobileEmulationEnabled=false, timeouts={implicit=0, pageLoad=300000, script=30000}, hasTouchScreen=false, platform=MAC, acceptSslCerts=false, goog:chromeOptions={debuggerAddress=localhost:51908}, acceptInsecureCerts=false, webStorageEnabled=true, browserName=chrome, takesScreenshot=true, javascriptEnabled=true, setWindowRect=true, unexpectedAlertBehaviour=ignore, applicationCacheEnabled=false, rotatable=false, networkConnectionEnabled=false, chrome={chromedriverVersion=80.0.3987.106 (f68069574609230cf9b635cd784cfb1bf81bb53a-refs/branch-heads/3987@{#882}), userDataDir=/var/folders/yk/lxkgfq3x1pb1dphy108mbphm0000gn/T/.com.google.Chrome.Qx9X36}, takesHeapSnapshot=true, pageLoadStrategy=normal, strictFileInteractability=false, databaseEnabled=false, handlesAlerts=true, version=80.0.3987.163, browserConnectionEnabled=false, proxy={}, nativeEvents=true, locationContextEnabled=true, cssSelectorsEnabled=true}]
Session ID: aed97bbfe13ea7ff632d092f6400c15a
at org.openqa.selenium.remote.ErrorHandler.createThrowable(ErrorHandler.java:193)
at org.openqa.selenium.remote.ErrorHandler.throwIfResponseFailed(ErrorHandler.java:145)
at org.openqa.selenium.remote.RemoteWebDriver.execute(RemoteWebDriver.java:595)
at org.openqa.selenium.remote.RemoteWebDriver.findElement(RemoteWebDriver.java:348)
at org.openqa.selenium.remote.RemoteWebDriver.findElementByXPath(RemoteWebDriver.java:445)
at org.openqa.selenium.By$ByXPath.findElement(By.java:357)
at org.openqa.selenium.remote.RemoteWebDriver.findElement(RemoteWebDriver.java:340)
at com.Test.GoogleTest.googleLogoTest(GoogleTest.java:34)
at java.util.ArrayList.forEach(ArrayList.java:1257)
... Removed 31 stack frames]]>
    </failure>
  </testcase> <!-- googleLogoTest -->
  <testcase name="mailLinkTest" time="0.028" classname="com.Test.GoogleTest"/>
  <testcase name="test1" time="0.002" classname="com.Test.GoogleTest"/>
  <testcase name="test2" time="0.002" classname="com.Test.GoogleTest"/>
  <testcase name="test3" time="0.002" classname="com.Test.GoogleTest"/>
  <testcase name="googleTitleTest" time="0.009" classname="com.Test.GoogleTItleTest">
    <failure type="java.lang.AssertionError" message="tittle is not matched expected [Google123] but found [Google]">
      <![CDATA[java.lang.AssertionError: tittle is not matched expected [Google123] but found [Google]
at com.Test.GoogleTItleTest.googleTitleTest(GoogleTItleTest.java:31)
at java.util.ArrayList.forEach(ArrayList.java:1257)
... Removed 31 stack frames]]>
    </failure>
  </testcase> <!-- googleTitleTest -->
  <testcase name="mailLinkTest" time="0.024" classname="com.Test.GoogleTItleTest"/>
  <testcase name="sum" time="0.001" classname="com.Test.InvocationCountTest"/>
  <testcase name="sum" time="0.0" classname="com.Test.InvocationCountTest"/>
  <testcase name="sum" time="0.001" classname="com.Test.InvocationCountTest"/>
  <testcase name="sum" time="0.001" classname="com.Test.InvocationCountTest"/>
  <testcase name="sum" time="0.001" classname="com.Test.InvocationCountTest"/>
  <testcase name="sum" time="0.001" classname="com.Test.InvocationCountTest"/>
  <testcase name="sum" time="0.0" classname="com.Test.InvocationCountTest"/>
  <testcase name="sum" time="0.0" classname="com.Test.InvocationCountTest"/>
  <testcase name="sum" time="0.001" classname="com.Test.InvocationCountTest"/>
  <testcase name="sum" time="0.0" classname="com.Test.InvocationCountTest"/>
  <testcase name="googleLogoTest" time="0.001" classname="com.Test.TestNGBasics"/>
  <testcase name="googleTitleTest" time="0.002" classname="com.Test.TestNGBasics"/>
  <testcase name="searchTest" time="0.001" classname="com.Test.TestNGBasics"/>
  <testcase name="loginTest" time="0.001" classname="com.Test.TestNGFeatures"/>
  <testcase name="homePageTest" time="0.001" classname="com.Test.TestNGFeatures"/>
  <testcase name="regPageTest" time="0.001" classname="com.Test.TestNGFeatures"/>
  <testcase name="searchPageTest" time="0.001" classname="com.Test.TestNGFeatures"/>
</testsuite> <!-- Different testing Feature Test -->
