<html>
<head>
<title>TestNG:  Different testing Feature Test</title>
<link href="../testng.css" rel="stylesheet" type="text/css" />
<link href="../my-testng.css" rel="stylesheet" type="text/css" />

<style type="text/css">
.log { display: none;} 
.stack-trace { display: none;} 
</style>
<script type="text/javascript">
<!--
function flip(e) {
  current = e.style.display;
  if (current == 'block') {
    e.style.display = 'none';
    return 0;
  }
  else {
    e.style.display = 'block';
    return 1;
  }
}

function toggleBox(szDivId, elem, msg1, msg2)
{
  var res = -1;  if (document.getElementById) {
    res = flip(document.getElementById(szDivId));
  }
  else if (document.all) {
    // this is the way old msie versions work
    res = flip(document.all[szDivId]);
  }
  if(elem) {
    if(res == 0) elem.innerHTML = msg1; else elem.innerHTML = msg2;
  }

}

function toggleAllBoxes() {
  if (document.getElementsByTagName) {
    d = document.getElementsByTagName('div');
    for (i = 0; i < d.length; i++) {
      if (d[i].className == 'log') {
        flip(d[i]);
      }
    }
  }
}

// -->
</script>

</head>
<body>
<h2 align='center'>Different testing Feature Test</h2><table border='1' align="center">
<tr>
<td>Tests passed/Failed/Skipped:</td><td>24/2/0</td>
</tr><tr>
<td>Started on:</td><td>Thu Apr 16 01:23:59 EDT 2020</td>
</tr>
<tr><td>Total time:</td><td>59 seconds (59104 ms)</td>
</tr><tr>
<td>Included groups:</td><td></td>
</tr><tr>
<td>Excluded groups:</td><td></td>
</tr>
</table><p/>
<small><i>(Hover the method name to see the test class name)</i></small><p/>
<table width='100%' border='1' class='invocation-failed'>
<tr><td colspan='4' align='center'><b>FAILED TESTS</b></td></tr>
<tr><td><b>Test method</b></td>
<td width="30%"><b>Exception</b></td>
<td width="10%"><b>Time (seconds)</b></td>
<td><b>Instance</b></td>
</tr>
<tr>
<td title='com.Test.GoogleTest.googleLogoTest()'><b>googleLogoTest</b><br>Test class: com.Test.GoogleTest</td>
<td><div><pre>org.openqa.selenium.NoSuchElementException: no such element: Unable to locate element: {&quot;method&quot;:&quot;xpath&quot;,&quot;selector&quot;:&quot;//div[@id=&apos;hplogo&apos;]&quot;}
  (Session info: chrome=80.0.3987.163)
  (Driver info: chromedriver=80.0.3987.106 (f68069574609230cf9b635cd784cfb1bf81bb53a-refs/branch-heads/3987@{#882}),platform=Mac OS X 10.15.2 x86_64) (WARNING: The server did not provide any stacktrace information)
Command duration or timeout: 30.05 seconds
For documentation on this error, please visit: http://seleniumhq.org/exceptions/no_such_element.html
Build info: version: &apos;2.41.0&apos;, revision: &apos;3192d8a6c4449dc285928ba024779344f5423c58&apos;, time: &apos;2014-03-27 11:29:39&apos;
System info: host: &apos;mohammads-MBP.home&apos;, ip: &apos;192.168.1.8&apos;, os.name: &apos;Mac OS X&apos;, os.arch: &apos;x86_64&apos;, os.version: &apos;10.15.2&apos;, java.version: &apos;1.8.0_241&apos;
Driver info: org.openqa.selenium.chrome.ChromeDriver
Capabilities [{mobileEmulationEnabled=false, timeouts={implicit=0, pageLoad=300000, script=30000}, hasTouchScreen=false, platform=MAC, acceptSslCerts=false, goog:chromeOptions={debuggerAddress=localhost:51908}, acceptInsecureCerts=false, webStorageEnabled=true, browserName=chrome, takesScreenshot=true, javascriptEnabled=true, setWindowRect=true, unexpectedAlertBehaviour=ignore, applicationCacheEnabled=false, rotatable=false, networkConnectionEnabled=false, chrome={chromedriverVersion=80.0.3987.106 (f68069574609230cf9b635cd784cfb1bf81bb53a-refs/branch-heads/3987@{#882}), userDataDir=/var/folders/yk/lxkgfq3x1pb1dphy108mbphm0000gn/T/.com.google.Chrome.Qx9X36}, takesHeapSnapshot=true, pageLoadStrategy=normal, strictFileInteractability=false, databaseEnabled=false, handlesAlerts=true, version=80.0.3987.163, browserConnectionEnabled=false, proxy={}, nativeEvents=true, locationContextEnabled=true, cssSelectorsEnabled=true}]
Session ID: aed97bbfe13ea7ff632d092f6400c15a
	at org.openqa.selenium.remote.ErrorHandler.createThrowable(ErrorHandler.java:193)
	at org.openqa.selenium.remote.ErrorHandler.throwIfResponseFailed(ErrorHandler.java:145)
	at org.openqa.selenium.remote.RemoteWebDriver.execute(RemoteWebDriver.java:595)
	at org.openqa.selenium.remote.RemoteWebDriver.findElement(RemoteWebDriver.java:348)
	at org.openqa.selenium.remote.RemoteWebDriver.findElementByXPath(RemoteWebDriver.java:445)
	at org.openqa.selenium.By$ByXPath.findElement(By.java:357)
	at org.openqa.selenium.remote.RemoteWebDriver.findElement(RemoteWebDriver.java:340)
	at com.Test.GoogleTest.googleLogoTest(GoogleTest.java:34)
	at java.util.ArrayList.forEach(ArrayList.java:1257)
... Removed 31 stack frames</pre></div><a href='#' onClick='toggleBox("stack-trace1262854901", this, "Click to show all stack frames", "Click to hide stack frames")'>Click to show all stack frames</a>
<div class='stack-trace' id='stack-trace1262854901'><pre>org.openqa.selenium.NoSuchElementException: no such element: Unable to locate element: {&quot;method&quot;:&quot;xpath&quot;,&quot;selector&quot;:&quot;//div[@id=&apos;hplogo&apos;]&quot;}
  (Session info: chrome=80.0.3987.163)
  (Driver info: chromedriver=80.0.3987.106 (f68069574609230cf9b635cd784cfb1bf81bb53a-refs/branch-heads/3987@{#882}),platform=Mac OS X 10.15.2 x86_64) (WARNING: The server did not provide any stacktrace information)
Command duration or timeout: 30.05 seconds
For documentation on this error, please visit: http://seleniumhq.org/exceptions/no_such_element.html
Build info: version: &apos;2.41.0&apos;, revision: &apos;3192d8a6c4449dc285928ba024779344f5423c58&apos;, time: &apos;2014-03-27 11:29:39&apos;
System info: host: &apos;mohammads-MBP.home&apos;, ip: &apos;192.168.1.8&apos;, os.name: &apos;Mac OS X&apos;, os.arch: &apos;x86_64&apos;, os.version: &apos;10.15.2&apos;, java.version: &apos;1.8.0_241&apos;
Driver info: org.openqa.selenium.chrome.ChromeDriver
Capabilities [{mobileEmulationEnabled=false, timeouts={implicit=0, pageLoad=300000, script=30000}, hasTouchScreen=false, platform=MAC, acceptSslCerts=false, goog:chromeOptions={debuggerAddress=localhost:51908}, acceptInsecureCerts=false, webStorageEnabled=true, browserName=chrome, takesScreenshot=true, javascriptEnabled=true, setWindowRect=true, unexpectedAlertBehaviour=ignore, applicationCacheEnabled=false, rotatable=false, networkConnectionEnabled=false, chrome={chromedriverVersion=80.0.3987.106 (f68069574609230cf9b635cd784cfb1bf81bb53a-refs/branch-heads/3987@{#882}), userDataDir=/var/folders/yk/lxkgfq3x1pb1dphy108mbphm0000gn/T/.com.google.Chrome.Qx9X36}, takesHeapSnapshot=true, pageLoadStrategy=normal, strictFileInteractability=false, databaseEnabled=false, handlesAlerts=true, version=80.0.3987.163, browserConnectionEnabled=false, proxy={}, nativeEvents=true, locationContextEnabled=true, cssSelectorsEnabled=true}]
Session ID: aed97bbfe13ea7ff632d092f6400c15a
	at sun.reflect.NativeConstructorAccessorImpl.newInstance0(Native Method)
	at sun.reflect.NativeConstructorAccessorImpl.newInstance(NativeConstructorAccessorImpl.java:62)
	at sun.reflect.DelegatingConstructorAccessorImpl.newInstance(DelegatingConstructorAccessorImpl.java:45)
	at java.lang.reflect.Constructor.newInstance(Constructor.java:423)
	at org.openqa.selenium.remote.ErrorHandler.createThrowable(ErrorHandler.java:193)
	at org.openqa.selenium.remote.ErrorHandler.throwIfResponseFailed(ErrorHandler.java:145)
	at org.openqa.selenium.remote.RemoteWebDriver.execute(RemoteWebDriver.java:595)
	at org.openqa.selenium.remote.RemoteWebDriver.findElement(RemoteWebDriver.java:348)
	at org.openqa.selenium.remote.RemoteWebDriver.findElementByXPath(RemoteWebDriver.java:445)
	at org.openqa.selenium.By$ByXPath.findElement(By.java:357)
	at org.openqa.selenium.remote.RemoteWebDriver.findElement(RemoteWebDriver.java:340)
	at com.Test.GoogleTest.googleLogoTest(GoogleTest.java:34)
	at sun.reflect.NativeMethodAccessorImpl.invoke0(Native Method)
	at sun.reflect.NativeMethodAccessorImpl.invoke(NativeMethodAccessorImpl.java:62)
	at sun.reflect.DelegatingMethodAccessorImpl.invoke(DelegatingMethodAccessorImpl.java:43)
	at java.lang.reflect.Method.invoke(Method.java:498)
	at org.testng.internal.MethodInvocationHelper.invokeMethod(MethodInvocationHelper.java:134)
	at org.testng.internal.TestInvoker.invokeMethod(TestInvoker.java:597)
	at org.testng.internal.TestInvoker.invokeTestMethod(TestInvoker.java:173)
	at org.testng.internal.MethodRunner.runInSequence(MethodRunner.java:46)
	at org.testng.internal.TestInvoker$MethodInvocationAgent.invoke(TestInvoker.java:816)
	at org.testng.internal.TestInvoker.invokeTestMethods(TestInvoker.java:146)
	at org.testng.internal.TestMethodWorker.invokeTestMethods(TestMethodWorker.java:146)
	at org.testng.internal.TestMethodWorker.run(TestMethodWorker.java:128)
	at java.util.ArrayList.forEach(ArrayList.java:1257)
	at org.testng.TestRunner.privateRun(TestRunner.java:766)
	at org.testng.TestRunner.run(TestRunner.java:587)
	at org.testng.SuiteRunner.runTest(SuiteRunner.java:384)
	at org.testng.SuiteRunner.runSequentially(SuiteRunner.java:378)
	at org.testng.SuiteRunner.privateRun(SuiteRunner.java:337)
	at org.testng.SuiteRunner.run(SuiteRunner.java:286)
	at org.testng.SuiteRunnerWorker.runSuite(SuiteRunnerWorker.java:53)
	at org.testng.SuiteRunnerWorker.run(SuiteRunnerWorker.java:96)
	at org.testng.TestNG.runSuitesSequentially(TestNG.java:1187)
	at org.testng.TestNG.runSuitesLocally(TestNG.java:1109)
	at org.testng.TestNG.runSuites(TestNG.java:1039)
	at org.testng.TestNG.run(TestNG.java:1007)
	at org.testng.remote.AbstractRemoteTestNG.run(AbstractRemoteTestNG.java:115)
	at org.testng.remote.RemoteTestNG.initAndRun(RemoteTestNG.java:251)
	at org.testng.remote.RemoteTestNG.main(RemoteTestNG.java:77)
</pre></div></td>
<td>30</td>
<td>com.Test.GoogleTest@f4168b8</td></tr>
<tr>
<td title='com.Test.GoogleTItleTest.googleTitleTest()'><b>googleTitleTest</b><br>Test class: com.Test.GoogleTItleTest</td>
<td><div><pre>java.lang.AssertionError: tittle is not matched expected [Google123] but found [Google]
	at com.Test.GoogleTItleTest.googleTitleTest(GoogleTItleTest.java:31)
	at java.util.ArrayList.forEach(ArrayList.java:1257)
... Removed 31 stack frames</pre></div><a href='#' onClick='toggleBox("stack-trace2028265136", this, "Click to show all stack frames", "Click to hide stack frames")'>Click to show all stack frames</a>
<div class='stack-trace' id='stack-trace2028265136'><pre>java.lang.AssertionError: tittle is not matched expected [Google123] but found [Google]
	at org.testng.Assert.fail(Assert.java:97)
	at org.testng.Assert.assertEqualsImpl(Assert.java:136)
	at org.testng.Assert.assertEquals(Assert.java:118)
	at org.testng.Assert.assertEquals(Assert.java:575)
	at com.Test.GoogleTItleTest.googleTitleTest(GoogleTItleTest.java:31)
	at sun.reflect.NativeMethodAccessorImpl.invoke0(Native Method)
	at sun.reflect.NativeMethodAccessorImpl.invoke(NativeMethodAccessorImpl.java:62)
	at sun.reflect.DelegatingMethodAccessorImpl.invoke(DelegatingMethodAccessorImpl.java:43)
	at java.lang.reflect.Method.invoke(Method.java:498)
	at org.testng.internal.MethodInvocationHelper.invokeMethod(MethodInvocationHelper.java:134)
	at org.testng.internal.TestInvoker.invokeMethod(TestInvoker.java:597)
	at org.testng.internal.TestInvoker.invokeTestMethod(TestInvoker.java:173)
	at org.testng.internal.MethodRunner.runInSequence(MethodRunner.java:46)
	at org.testng.internal.TestInvoker$MethodInvocationAgent.invoke(TestInvoker.java:816)
	at org.testng.internal.TestInvoker.invokeTestMethods(TestInvoker.java:146)
	at org.testng.internal.TestMethodWorker.invokeTestMethods(TestMethodWorker.java:146)
	at org.testng.internal.TestMethodWorker.run(TestMethodWorker.java:128)
	at java.util.ArrayList.forEach(ArrayList.java:1257)
	at org.testng.TestRunner.privateRun(TestRunner.java:766)
	at org.testng.TestRunner.run(TestRunner.java:587)
	at org.testng.SuiteRunner.runTest(SuiteRunner.java:384)
	at org.testng.SuiteRunner.runSequentially(SuiteRunner.java:378)
	at org.testng.SuiteRunner.privateRun(SuiteRunner.java:337)
	at org.testng.SuiteRunner.run(SuiteRunner.java:286)
	at org.testng.SuiteRunnerWorker.runSuite(SuiteRunnerWorker.java:53)
	at org.testng.SuiteRunnerWorker.run(SuiteRunnerWorker.java:96)
	at org.testng.TestNG.runSuitesSequentially(TestNG.java:1187)
	at org.testng.TestNG.runSuitesLocally(TestNG.java:1109)
	at org.testng.TestNG.runSuites(TestNG.java:1039)
	at org.testng.TestNG.run(TestNG.java:1007)
	at org.testng.remote.AbstractRemoteTestNG.run(AbstractRemoteTestNG.java:115)
	at org.testng.remote.RemoteTestNG.initAndRun(RemoteTestNG.java:251)
	at org.testng.remote.RemoteTestNG.main(RemoteTestNG.java:77)
</pre></div></td>
<td>0</td>
<td>com.Test.GoogleTItleTest@3bd94634</td></tr>
</table><p>
<table width='100%' border='1' class='invocation-passed'>
<tr><td colspan='4' align='center'><b>PASSED TESTS</b></td></tr>
<tr><td><b>Test method</b></td>
<td width="30%"><b>Exception</b></td>
<td width="10%"><b>Time (seconds)</b></td>
<td><b>Instance</b></td>
</tr>
<tr>
<td title='com.Test.TestNGBasics.googleLogoTest()'><b>googleLogoTest</b><br>Test class: com.Test.TestNGBasics</td>
<td></td>
<td>0</td>
<td>com.Test.TestNGBasics@530612ba</td></tr>
<tr>
<td title='com.Test.GoogleTest.googleTitleTest()'><b>googleTitleTest</b><br>Test class: com.Test.GoogleTest</td>
<td></td>
<td>0</td>
<td>com.Test.GoogleTest@f4168b8</td></tr>
<tr>
<td title='com.Test.TestNGBasics.googleTitleTest()'><b>googleTitleTest</b><br>Test class: com.Test.TestNGBasics</td>
<td></td>
<td>0</td>
<td>com.Test.TestNGBasics@530612ba</td></tr>
<tr>
<td title='com.Test.TestNGFeatures.homePageTest()'><b>homePageTest</b><br>Test class: com.Test.TestNGFeatures</td>
<td></td>
<td>0</td>
<td>com.Test.TestNGFeatures@74294adb</td></tr>
<tr>
<td title='com.Test.TestNGFeatures.loginTest()'><b>loginTest</b><br>Test class: com.Test.TestNGFeatures</td>
<td></td>
<td>0</td>
<td>com.Test.TestNGFeatures@74294adb</td></tr>
<tr>
<td title='com.Test.GoogleTest.mailLinkTest()'><b>mailLinkTest</b><br>Test class: com.Test.GoogleTest</td>
<td></td>
<td>0</td>
<td>com.Test.GoogleTest@f4168b8</td></tr>
<tr>
<td title='com.Test.GoogleTItleTest.mailLinkTest()'><b>mailLinkTest</b><br>Test class: com.Test.GoogleTItleTest</td>
<td></td>
<td>0</td>
<td>com.Test.GoogleTItleTest@3bd94634</td></tr>
<tr>
<td title='com.Test.TestNGFeatures.regPageTest()'><b>regPageTest</b><br>Test class: com.Test.TestNGFeatures</td>
<td></td>
<td>0</td>
<td>com.Test.TestNGFeatures@74294adb</td></tr>
<tr>
<td title='com.Test.TestNGFeatures.searchPageTest()'><b>searchPageTest</b><br>Test class: com.Test.TestNGFeatures</td>
<td></td>
<td>0</td>
<td>com.Test.TestNGFeatures@74294adb</td></tr>
<tr>
<td title='com.Test.TestNGBasics.searchTest()'><b>searchTest</b><br>Test class: com.Test.TestNGBasics</td>
<td></td>
<td>0</td>
<td>com.Test.TestNGBasics@530612ba</td></tr>
<tr>
<td title='com.Test.InvocationCountTest.sum()'><b>sum</b><br>Test class: com.Test.InvocationCountTest</td>
<td></td>
<td>0</td>
<td>com.Test.InvocationCountTest@58a90037</td></tr>
<tr>
<td title='com.Test.InvocationCountTest.sum()'><b>sum</b><br>Test class: com.Test.InvocationCountTest</td>
<td></td>
<td>0</td>
<td>com.Test.InvocationCountTest@58a90037</td></tr>
<tr>
<td title='com.Test.InvocationCountTest.sum()'><b>sum</b><br>Test class: com.Test.InvocationCountTest</td>
<td></td>
<td>0</td>
<td>com.Test.InvocationCountTest@58a90037</td></tr>
<tr>
<td title='com.Test.InvocationCountTest.sum()'><b>sum</b><br>Test class: com.Test.InvocationCountTest</td>
<td></td>
<td>0</td>
<td>com.Test.InvocationCountTest@58a90037</td></tr>
<tr>
<td title='com.Test.InvocationCountTest.sum()'><b>sum</b><br>Test class: com.Test.InvocationCountTest</td>
<td></td>
<td>0</td>
<td>com.Test.InvocationCountTest@58a90037</td></tr>
<tr>
<td title='com.Test.InvocationCountTest.sum()'><b>sum</b><br>Test class: com.Test.InvocationCountTest</td>
<td></td>
<td>0</td>
<td>com.Test.InvocationCountTest@58a90037</td></tr>
<tr>
<td title='com.Test.InvocationCountTest.sum()'><b>sum</b><br>Test class: com.Test.InvocationCountTest</td>
<td></td>
<td>0</td>
<td>com.Test.InvocationCountTest@58a90037</td></tr>
<tr>
<td title='com.Test.InvocationCountTest.sum()'><b>sum</b><br>Test class: com.Test.InvocationCountTest</td>
<td></td>
<td>0</td>
<td>com.Test.InvocationCountTest@58a90037</td></tr>
<tr>
<td title='com.Test.InvocationCountTest.sum()'><b>sum</b><br>Test class: com.Test.InvocationCountTest</td>
<td></td>
<td>0</td>
<td>com.Test.InvocationCountTest@58a90037</td></tr>
<tr>
<td title='com.Test.InvocationCountTest.sum()'><b>sum</b><br>Test class: com.Test.InvocationCountTest</td>
<td></td>
<td>0</td>
<td>com.Test.InvocationCountTest@58a90037</td></tr>
<tr>
<td title='com.Test.ExceptionTImeOutTest.test1()'><b>test1</b><br>Test class: com.Test.ExceptionTImeOutTest</td>
<td><div><pre>java.lang.NumberFormatException: For input string: &quot;100a&quot;
	at java.lang.NumberFormatException.forInputString(NumberFormatException.java:65)
	at java.lang.Integer.parseInt(Integer.java:580)
	at java.lang.Integer.parseInt(Integer.java:615)
	at com.Test.ExceptionTImeOutTest.test1(ExceptionTImeOutTest.java:19)
	at java.util.ArrayList.forEach(ArrayList.java:1257)
... Removed 27 stack frames</pre></div><a href='#' onClick='toggleBox("stack-trace1763344271", this, "Click to show all stack frames", "Click to hide stack frames")'>Click to show all stack frames</a>
<div class='stack-trace' id='stack-trace1763344271'><pre>java.lang.NumberFormatException: For input string: &quot;100a&quot;
	at java.lang.NumberFormatException.forInputString(NumberFormatException.java:65)
	at java.lang.Integer.parseInt(Integer.java:580)
	at java.lang.Integer.parseInt(Integer.java:615)
	at com.Test.ExceptionTImeOutTest.test1(ExceptionTImeOutTest.java:19)
	at sun.reflect.NativeMethodAccessorImpl.invoke0(Native Method)
	at sun.reflect.NativeMethodAccessorImpl.invoke(NativeMethodAccessorImpl.java:62)
	at sun.reflect.DelegatingMethodAccessorImpl.invoke(DelegatingMethodAccessorImpl.java:43)
	at java.lang.reflect.Method.invoke(Method.java:498)
	at org.testng.internal.MethodInvocationHelper.invokeMethod(MethodInvocationHelper.java:134)
	at org.testng.internal.TestInvoker.invokeMethod(TestInvoker.java:597)
	at org.testng.internal.TestInvoker.invokeTestMethod(TestInvoker.java:173)
	at org.testng.internal.MethodRunner.runInSequence(MethodRunner.java:46)
	at org.testng.internal.TestInvoker$MethodInvocationAgent.invoke(TestInvoker.java:816)
	at org.testng.internal.TestInvoker.invokeTestMethods(TestInvoker.java:146)
	at org.testng.internal.TestMethodWorker.invokeTestMethods(TestMethodWorker.java:146)
	at org.testng.internal.TestMethodWorker.run(TestMethodWorker.java:128)
	at java.util.ArrayList.forEach(ArrayList.java:1257)
	at org.testng.TestRunner.privateRun(TestRunner.java:766)
	at org.testng.TestRunner.run(TestRunner.java:587)
	at org.testng.SuiteRunner.runTest(SuiteRunner.java:384)
	at org.testng.SuiteRunner.runSequentially(SuiteRunner.java:378)
	at org.testng.SuiteRunner.privateRun(SuiteRunner.java:337)
	at org.testng.SuiteRunner.run(SuiteRunner.java:286)
	at org.testng.SuiteRunnerWorker.runSuite(SuiteRunnerWorker.java:53)
	at org.testng.SuiteRunnerWorker.run(SuiteRunnerWorker.java:96)
	at org.testng.TestNG.runSuitesSequentially(TestNG.java:1187)
	at org.testng.TestNG.runSuitesLocally(TestNG.java:1109)
	at org.testng.TestNG.runSuites(TestNG.java:1039)
	at org.testng.TestNG.run(TestNG.java:1007)
	at org.testng.remote.AbstractRemoteTestNG.run(AbstractRemoteTestNG.java:115)
	at org.testng.remote.RemoteTestNG.initAndRun(RemoteTestNG.java:251)
	at org.testng.remote.RemoteTestNG.main(RemoteTestNG.java:77)
</pre></div></td>
<td>0</td>
<td>com.Test.ExceptionTImeOutTest@2a40cd94</td></tr>
<tr>
<td title='com.Test.GoogleTest.test1()'><b>test1</b><br>Test class: com.Test.GoogleTest</td>
<td></td>
<td>0</td>
<td>com.Test.GoogleTest@f4168b8</td></tr>
<tr>
<td title='com.Test.GoogleTest.test2()'><b>test2</b><br>Test class: com.Test.GoogleTest</td>
<td></td>
<td>0</td>
<td>com.Test.GoogleTest@f4168b8</td></tr>
<tr>
<td title='com.Test.GoogleTest.test3()'><b>test3</b><br>Test class: com.Test.GoogleTest</td>
<td></td>
<td>0</td>
<td>com.Test.GoogleTest@f4168b8</td></tr>
</table><p>
</body>
</html>